[debug] [2021-05-18T11:42:29.311Z] ----------------------------------------------------------------------
[debug] [2021-05-18T11:42:29.315Z] Command:       /usr/bin/node /home/akhlak/.npm-global/bin/firebase deploy
[debug] [2021-05-18T11:42:29.315Z] CLI Version:   9.10.0
[debug] [2021-05-18T11:42:29.316Z] Platform:      linux
[debug] [2021-05-18T11:42:29.316Z] Node Version:  v14.17.0
[debug] [2021-05-18T11:42:29.788Z] Time:          Tue May 18 2021 17:42:29 GMT+0600 (Bangladesh Standard Time)
[debug] [2021-05-18T11:42:29.789Z] ----------------------------------------------------------------------
[debug] 
[debug] [2021-05-18T11:42:29.934Z] >>> [apiv2][query] GET https://firebase-public.firebaseio.com/cli.json [none]
[debug] [2021-05-18T11:42:30.094Z] > command requires scopes: ["email","openid","https://www.googleapis.com/auth/cloudplatformprojects.readonly","https://www.googleapis.com/auth/firebase","https://www.googleapis.com/auth/cloud-platform"]
[debug] [2021-05-18T11:42:30.095Z] > authorizing via signed-in user (aklajim3@gmail.com)
[debug] [2021-05-18T11:42:30.095Z] [iam] checking project clone-ahj for permissions ["firebase.projects.get","firebasehosting.sites.update"]
[debug] [2021-05-18T11:42:30.097Z] > refreshing access token with scopes: ["email","https://www.googleapis.com/auth/cloud-platform","https://www.googleapis.com/auth/cloudplatformprojects.readonly","https://www.googleapis.com/auth/firebase","openid"]
[debug] [2021-05-18T11:42:30.098Z] >>> HTTP REQUEST POST https://www.googleapis.com/oauth2/v3/token  
 <request body omitted>
[debug] [2021-05-18T11:42:30.448Z] <<< HTTP RESPONSE 200 {"expires":"Mon, 01 Jan 1990 00:00:00 GMT","date":"Tue, 18 May 2021 11:42:30 GMT","cache-control":"no-cache, no-store, max-age=0, must-revalidate","pragma":"no-cache","content-type":"application/json; charset=utf-8","vary":"X-Origin, Referer, Origin,Accept-Encoding","server":"scaffolding on HTTPServer2","x-xss-protection":"0","x-frame-options":"SAMEORIGIN","x-content-type-options":"nosniff","alt-svc":"h3-29=\":443\"; ma=2592000,h3-T051=\":443\"; ma=2592000,h3-Q050=\":443\"; ma=2592000,h3-Q046=\":443\"; ma=2592000,h3-Q043=\":443\"; ma=2592000,quic=\":443\"; ma=2592000; v=\"46,43\"","accept-ranges":"none","transfer-encoding":"chunked"}
[debug] [2021-05-18T11:42:30.558Z] >>> HTTP REQUEST POST https://cloudresourcemanager.googleapis.com/v1/projects/clone-ahj:testIamPermissions  
 {"permissions":["firebase.projects.get","firebasehosting.sites.update"]}
[debug] [2021-05-18T11:42:30.936Z] <<< [apiv2][status] GET https://firebase-public.firebaseio.com/cli.json 200
[debug] [2021-05-18T11:42:30.937Z] <<< [apiv2][body] GET https://firebase-public.firebaseio.com/cli.json {"cloudBuildErrorAfter":1594252800000,"cloudBuildWarnAfter":1590019200000,"defaultNode10After":1594252800000,"minVersion":"3.0.5","node8DeploysDisabledAfter":1613390400000,"node8RuntimeDisabledAfter":1615809600000,"node8WarnAfter":1600128000000}
[debug] [2021-05-18T11:42:32.390Z] <<< HTTP RESPONSE 200 {"content-type":"application/json; charset=UTF-8","vary":"X-Origin, Referer, Origin,Accept-Encoding","date":"Tue, 18 May 2021 11:42:32 GMT","server":"ESF","cache-control":"private","x-xss-protection":"0","x-frame-options":"SAMEORIGIN","x-content-type-options":"nosniff","server-timing":"gfet4t7; dur=1409","alt-svc":"h3-29=\":443\"; ma=2592000,h3-T051=\":443\"; ma=2592000,h3-Q050=\":443\"; ma=2592000,h3-Q046=\":443\"; ma=2592000,h3-Q043=\":443\"; ma=2592000,quic=\":443\"; ma=2592000; v=\"46,43\"","accept-ranges":"none","transfer-encoding":"chunked"}
[debug] [2021-05-18T11:42:32.392Z] [iam] error while checking permissions, command may fail: FirebaseError: Authorization failed. This account is missing the following required permissions on project clone-ahj:

  firebase.projects.get
  firebasehosting.sites.update
[debug] [2021-05-18T11:42:32.395Z] > refreshing access token with scopes: []
[debug] [2021-05-18T11:42:32.396Z] >>> HTTP REQUEST POST https://www.googleapis.com/oauth2/v3/token  
 <request body omitted>
[debug] [2021-05-18T11:42:32.804Z] <<< HTTP RESPONSE 200 {"cache-control":"no-cache, no-store, max-age=0, must-revalidate","expires":"Mon, 01 Jan 1990 00:00:00 GMT","pragma":"no-cache","date":"Tue, 18 May 2021 11:42:32 GMT","content-type":"application/json; charset=utf-8","vary":"X-Origin, Referer, Origin,Accept-Encoding","server":"scaffolding on HTTPServer2","x-xss-protection":"0","x-frame-options":"SAMEORIGIN","x-content-type-options":"nosniff","alt-svc":"h3-29=\":443\"; ma=2592000,h3-T051=\":443\"; ma=2592000,h3-Q050=\":443\"; ma=2592000,h3-Q046=\":443\"; ma=2592000,h3-Q043=\":443\"; ma=2592000,quic=\":443\"; ma=2592000; v=\"46,43\"","accept-ranges":"none","transfer-encoding":"chunked"}
[debug] [2021-05-18T11:42:32.944Z] >>> [apiv2][query] GET https://firebase.googleapis.com/v1beta1/projects/clone-ahj [none]
[debug] [2021-05-18T11:42:33.682Z] <<< [apiv2][status] GET https://firebase.googleapis.com/v1beta1/projects/clone-ahj 403
[debug] [2021-05-18T11:42:33.683Z] <<< [apiv2][body] GET https://firebase.googleapis.com/v1beta1/projects/clone-ahj {"error":{"code":403,"message":"The caller does not have permission","status":"PERMISSION_DENIED"}}
[debug] [2021-05-18T11:42:33.683Z] HTTP Error: 403, The caller does not have permission
[debug] [2021-05-18T11:42:34.032Z] FirebaseError: HTTP Error: 403, The caller does not have permission
    at module.exports (/home/akhlak/.npm-global/lib/node_modules/firebase-tools/lib/responseToError.js:38:12)
    at Client.doRequest (/home/akhlak/.npm-global/lib/node_modules/firebase-tools/lib/apiv2.js:238:23)
    at processTicksAndRejections (internal/process/task_queues.js:95:5)
    at async Client.request (/home/akhlak/.npm-global/lib/node_modules/firebase-tools/lib/apiv2.js:96:20)
    at async Object.getFirebaseProject (/home/akhlak/.npm-global/lib/node_modules/firebase-tools/lib/management/projects.js:290:21)
    at async Object.getDefaultHostingSite (/home/akhlak/.npm-global/lib/node_modules/firebase-tools/lib/getDefaultHostingSite.js:8:21)
    at async requireHostingSite (/home/akhlak/.npm-global/lib/node_modules/firebase-tools/lib/requireHostingSite.js:9:18)
    at async Object.fn (/home/akhlak/.npm-global/lib/node_modules/firebase-tools/lib/commands/deploy.js:66:9)
    at async /home/akhlak/.npm-global/lib/node_modules/firebase-tools/lib/command.js:169:17
[error] 
[error] Error: Failed to get Firebase project clone-ahj. Please make sure the project exists and your account has permission to access it.
